<?xml version="1.0" encoding="UTF-8"?>
<testsuite name="com.kodilla.patterns.prototype.library.LibraryTestSuite" tests="1" skipped="0" failures="0" errors="0" timestamp="2021-07-20T14:12:57" hostname="DELL" time="0.021">
  <properties/>
  <testcase name="testGetAllBooks()" classname="com.kodilla.patterns.prototype.library.LibraryTestSuite" time="0.021"/>
  <system-out><![CDATA[]]></system-out>
  <system-err><![CDATA[]]></system-err>
</testsuite>
